Array
(
    [id] => 26
)
Email ID: 26
Array
(
    [id] => 26
)
Email ID: 26
Array
(
    [id] => 26
)
Email ID: 26
Array
(
    [id] => 26
)
Email ID: 26
Array
(
    [id] => 26
)
Email ID: 26
Array
(
    [id] => 26
)
Email ID: 26
Array
(
    [id] => 28
)
Email ID: 28
Array
(
    [id] => 28
)
Email ID: 28
Array
(
    [id] => 26
)
Email ID: 26
Array
(
    [id] => 26
)
Email ID: 26
Array
(
    [id] => 28
)
Email ID: 28
Array
(
    [id] => 28
)
Email ID: 28
Array
(
    [id] => 26
)
Email ID: 26
Array
(
    [id] => 26
)
Email ID: 26
Array
(
    [id] => 26
)
Email ID: 26
Array
(
    [id] => 26
)
Email ID: 26
Array
(
    [id] => 26
)
Email ID: 26
Array
(
    [id] => 26
)
Email ID: 26
Array
(
    [id] => 28
)
Email ID: 28
Array
(
    [id] => 28
)
Email ID: 28
Array
(
    [id] => 26
)
Email ID: 26
Array
(
    [id] => 26
)
Email ID: 26
Array
(
    [id] => 26
)
Email ID: 26
Array
(
    [id] => 26
)
Email ID: 26
Array
(
    [id] => 32
)
Email ID: 32
Array
(
    [id] => 32
)
Email ID: 32
Array
(
)
Array
(
)
Array
(
)
Array
(
)
Array
(
)
Array
(
)
Array
(
)
Array
(
)
Array
(
)
Array
(
)
Array
(
)
Array
(
)
Array
(
)
Array
(
)
Array
(
)
Array
(
)
Array
(
)
Array
(
)
Array
(
)
Array
(
)
Array
(
)
Array
(
)
Array
(
)
Array
(
)
Array
(
)
Array
(
)
Array
(
)
Array
(
)
Array
(
)
Array
(
)
Array
(
    [id] => 26
)
Email ID: 26
Array
(
    [id] => 26
)
Email ID: 26
Array
(
    [id] => 28
)
Email ID: 28
